<?xml version="1.0" encoding="UTF-8"?>
<!-- Generated by org.testng.reporters.JUnitReportReporter -->
<testsuite hostname="LAPTOP-1E8GTOJM" failures="0" tests="3" name="TestNGDemo.DataDriven.DataDrive" time="32.074" errors="0" timestamp="2024-08-01T16:00:10 IST" skipped="0">
  <testcase classname="TestNGDemo.DataDriven.DataDrive" name="VerifyLogin" time="18.521"/>
  <testcase classname="TestNGDemo.DataDriven.DataDrive" name="VerifyLogin" time="5.963"/>
  <testcase classname="TestNGDemo.DataDriven.DataDrive" name="VerifyLogin" time="7.590"/>
</testsuite> <!-- TestNGDemo.DataDriven.DataDrive -->
